<?xml version="1.0" encoding="UTF-8"?>
<!-- Generated by org.testng.reporters.JUnitXMLReporter -->
<testsuite ignored="0" hostname="ASL-BLR-LT-0014" failures="0" tests="10" name="Default test" time="68.405" errors="0" timestamp="2021-05-26T16:40:35 IST">
  <testcase classname="Test.TC_TB" name="validLogin" time="19.599"/>
  <testcase classname="Test.TC_TB" name="check_Navigating_to_Book_Item_Page" time="6.208"/>
  <testcase classname="Test.TC_TB" name="isList_isEmpty" time="1.989"/>
  <testcase classname="Test.TC_TB" name="to_Check_Check_Box_isSelected_First_Item" time="0.054"/>
  <testcase classname="Test.TC_TB" name="to_Check_Check_Box_isEnabled_First_Item" time="0.036"/>
  <testcase classname="Test.TC_TB" name="to_Check_Check_Box_isClickable_First_Item" time="0.472"/>
  <testcase classname="Test.TC_TB" name="to_More_Option_isDisplayed_First_Item" time="0.092"/>
  <testcase classname="Test.TC_TB" name="to_Check_More_Option_isEnabled_First_Item" time="0.029"/>
  <testcase classname="Test.TC_TB" name="to_Check_Mark_as_Inactive_isDisplyed_First_Item" time="0.195"/>
  <testcase classname="Test.TC_TB" name="to_Check_in_Inactive_Services" time="0.662"/>
</testsuite> <!-- Default test -->
