<?xml version="1.0" encoding="UTF-8"?>
<!-- Generated by org.testng.reporters.JUnitXMLReporter -->
<testsuite ignored="0" hostname="ASL-BLR-LT-0014" failures="0" tests="10" name="Test" time="111.432" errors="0" timestamp="2021-05-26T17:27:31 IST">
  <testcase classname="Test.TC_TB" name="validLogin" time="5.666"/>
  <testcase classname="Test.TC_TB" name="check_Navigating_to_Book_Item_Page" time="7.064"/>
  <testcase classname="Test.TC_TB" name="isList_isEmpty" time="5.289"/>
  <testcase classname="Test.TC_TB" name="to_Check_Check_Box_isSelected_First_Item" time="0.106"/>
  <testcase classname="Test.TC_TB" name="to_Check_Check_Box_isEnabled_First_Item" time="0.076"/>
  <testcase classname="Test.TC_TB" name="to_Check_Check_Box_isClickable_First_Item" time="0.799"/>
  <testcase classname="Test.TC_TB" name="to_More_Option_isDisplayed_First_Item" time="0.222"/>
  <testcase classname="Test.TC_TB" name="to_Check_More_Option_isEnabled_First_Item" time="0.103"/>
  <testcase classname="Test.TC_TB" name="to_Check_Mark_as_Inactive_isDisplyed_First_Item" time="0.49"/>
  <testcase classname="Test.TC_TB" name="to_Check_in_Inactive_Services" time="1.223"/>
</testsuite> <!-- Test -->
